Arguments: 
  C:\Program Files\nodejs\node.exe C:\Users\AmirHossein\AppData\Roaming\npm\node_modules\yarn\bin\yarn.js

PATH: 
  C:\Users\AmirHossein\Documents\GitHub\funtechbot\node_modules\.bin;C:\Program Files\ImageMagick-7.1.0-Q16-HDRI;C:\Program Files (x86)\VMware\VMware Workstation\bin\;C:\ProgramData\Oracle\Java\javapath;C:\Python310\Scripts;C:\Python310;C:\WINDOWS\system32;C:\WINDOWS;C:\WINDOWS\System32\Wbem;C:\WINDOWS\System32\WindowsPowerShell\v1.0\;C:\WINDOWS\System32\OpenSSH\;C:\Program Files\nodejs\;C:\ProgramData\chocolatey\bin;C:\Program Files\OpenSSL\bin;C:\Program Files\jdk-17.0.1\bin;C:\Program Files\dotnet\;C:\Program Files\Git\cmd;C:\Users\AmirHossein\scoop\shims;C:\Users\AmirHossein\AppData\Local\Microsoft\WindowsApps;C:\Users\AmirHossein\AppData\Roaming\npm;D:\ProgramFiles\PostgreSQL\bin;C:\Program Files\Java\jdk-17.0.1\bin;C:\Users\AmirHossein\AppData\Local\GitHubDesktop\bin;C:\Users\AmirHossein\AppData\Local\Programs\Tesseract-OCR;C:\Program Files\heroku\bin;%USERPROFILE%\AppData\Local\Microsoft\WindowsApps;;C:\Users\AmirHossein\.deta\bin

Yarn version: 
  1.22.18

Node version: 
  16.13.0

Platform: 
  win32 x64

Trace: 
  Error: connect ETIMEDOUT 104.16.19.35:443
      at TCPConnectWrap.afterConnect [as oncomplete] (node:net:1161:16)

npm manifest: 
  {
    "name": "funtechbot",
    "version": "1.0.0",
    "description": "",
    "main": "index.js",
    "scripts": {
      "test": "echo \"Error: no test specified\" && exit 1"
    },
    "repository": {
      "type": "git",
      "url": "git+https://github.com/cyclic-software/starter-express-api.git"
    },
    "author": "",
    "license": "ISC",
    "bugs": {
      "url": "https://github.com/cyclic-software/starter-express-api/issues"
    },
    "homepage": "https://github.com/cyclic-software/starter-express-api#readme",
    "dependencies": {
      "express": "^4.17.1",
      "telegraf": "^4.11.2",
      "body-parser": "*",
      "node-fetch": "^2.6.1",
      "moment": "*",
      "telegraf-session-local": "*",
      "ytdl-core": "*",
      "ffmpeg-static": "*",
      "child_process": "*",
      "fluent-ffmpeg": "*",
      "soundcloud-downloader": "*",
      "instagram-url-direct": "*",
      "fb-downloader-scrapper": "*",
      "twitter-url-direct": "*",
      "mysql2": "*",
      "cheerio": "*",
      "node-youtube-music": "*",
      "spottydl": "*",
      "soundcloud-scraper": "*"
    }
  }

yarn manifest: 
  No manifest

Lockfile: 
  No lockfile
